INFO [2021-06-07 17:00:28] $x
INFO [2021-06-07 17:00:28] list(dia, hip, obe)
INFO [2021-06-07 17:00:28] 
INFO [2021-06-07 17:00:28] $category.names
INFO [2021-06-07 17:00:28] c("Diabetes", "Hypertension", "Obesity")
INFO [2021-06-07 17:00:28] 
INFO [2021-06-07 17:00:28] $filename
INFO [2021-06-07 17:00:28] [1] "venn_diagramm.png"
INFO [2021-06-07 17:00:28] 
INFO [2021-06-07 17:00:28] $output
INFO [2021-06-07 17:00:28] [1] TRUE
INFO [2021-06-07 17:00:28] 
INFO [2021-06-07 17:00:28] $imagetype
INFO [2021-06-07 17:00:28] [1] "png"
INFO [2021-06-07 17:00:28] 
INFO [2021-06-07 17:00:28] $height
INFO [2021-06-07 17:00:28] [1] 650
INFO [2021-06-07 17:00:28] 
INFO [2021-06-07 17:00:28] $width
INFO [2021-06-07 17:00:28] [1] 650
INFO [2021-06-07 17:00:28] 
INFO [2021-06-07 17:00:28] $resolution
INFO [2021-06-07 17:00:28] [1] 300
INFO [2021-06-07 17:00:28] 
INFO [2021-06-07 17:00:28] $compression
INFO [2021-06-07 17:00:28] [1] "lzw"
INFO [2021-06-07 17:00:28] 
INFO [2021-06-07 17:00:28] $lwd
INFO [2021-06-07 17:00:28] [1] 3
INFO [2021-06-07 17:00:28] 
INFO [2021-06-07 17:00:28] $lty
INFO [2021-06-07 17:00:28] [1] "blank"
INFO [2021-06-07 17:00:28] 
INFO [2021-06-07 17:00:28] $fill
INFO [2021-06-07 17:00:28] myCol[2:4]
INFO [2021-06-07 17:00:28] 
INFO [2021-06-07 17:00:28] $cex
INFO [2021-06-07 17:00:28] [1] 0.6
INFO [2021-06-07 17:00:28] 
INFO [2021-06-07 17:00:28] $fontface
INFO [2021-06-07 17:00:28] [1] "bold"
INFO [2021-06-07 17:00:28] 
INFO [2021-06-07 17:00:28] $fontfamily
INFO [2021-06-07 17:00:28] [1] "sans"
INFO [2021-06-07 17:00:28] 
INFO [2021-06-07 17:00:28] $cat.cex
INFO [2021-06-07 17:00:28] [1] 0.6
INFO [2021-06-07 17:00:28] 
INFO [2021-06-07 17:00:28] $cat.fontface
INFO [2021-06-07 17:00:28] [1] "bold"
INFO [2021-06-07 17:00:28] 
INFO [2021-06-07 17:00:28] $cat.default.pos
INFO [2021-06-07 17:00:28] [1] "outer"
INFO [2021-06-07 17:00:28] 
INFO [2021-06-07 17:00:28] $cat.pos
INFO [2021-06-07 17:00:28] c(-10, 0, 10)
INFO [2021-06-07 17:00:28] 
INFO [2021-06-07 17:00:28] $cat.dist
INFO [2021-06-07 17:00:28] c(0.055, 0.055, 0.025)
INFO [2021-06-07 17:00:28] 
INFO [2021-06-07 17:00:28] $cat.fontfamily
INFO [2021-06-07 17:00:28] [1] "sans"
INFO [2021-06-07 17:00:28] 
INFO [2021-06-07 17:00:28] $rotation
INFO [2021-06-07 17:00:28] [1] 1
INFO [2021-06-07 17:00:28] 
